[ 21.03.2020 - 21:40:22 ]
    (MSG) [2] in SMILExtract : openSMILE starting!
[ 21.03.2020 - 21:40:22 ]
    (MSG) [2] in SMILExtract : config file is: C:/Users/93710/Desktop/opensmile-2.3.0/opensmile-2.3.0/config/emobase2010.conf
[ 21.03.2020 - 21:40:22 ]
    (MSG) [2] in cComponentManager : successfully registered 95 component types.
[ 21.03.2020 - 21:40:22 ]
    (MSG) [2] in instance 'res' : adjusting resampleRatio from 0.249433 to 0.249320 to match next integer frame size! (targetFs* = 10995.013599)
[ 21.03.2020 - 21:40:22 ]
    (WARN) [2] in instance 'lld.reader' : Inconsistency in input level parameters. growDyn on first (#1) input = 0, growDyn on input # 5 (pitch) = 1. This might cause the processing to hang unpredictably or cause incomplete processing.
[ 21.03.2020 - 21:40:22 ]
    (WARN) [2] in instance 'lld.reader' : Inconsistency in input level parameters. isRb on first (#1) input = 1, isRb on input # 5 (pitch) = 0. This might cause the processing to hang unpredictably or cause incomplete processing.
[ 21.03.2020 - 21:40:22 ]
    (WARN) [1] in instance 'lld.reader' : Mismatch in input level buffer sizes (levelconf.nT). Level #0 has size 2 which is smaller than the max. input size of all input levels (10). This might cause the processing to hang unpredictably or cause incomplete processing.
[ 21.03.2020 - 21:40:22 ]
    (WARN) [1] in instance 'lld.reader' : Mismatch in input level buffer sizes (levelconf.nT). Level #1 has size 2 which is smaller than the max. input size of all input levels (10). This might cause the processing to hang unpredictably or cause incomplete processing.
[ 21.03.2020 - 21:40:22 ]
    (WARN) [1] in instance 'lld.reader' : Mismatch in input level buffer sizes (levelconf.nT). Level #2 has size 2 which is smaller than the max. input size of all input levels (10). This might cause the processing to hang unpredictably or cause incomplete processing.
[ 21.03.2020 - 21:40:22 ]
    (WARN) [1] in instance 'lld.reader' : Mismatch in input level buffer sizes (levelconf.nT). Level #3 has size 2 which is smaller than the max. input size of all input levels (10). This might cause the processing to hang unpredictably or cause incomplete processing.
[ 21.03.2020 - 21:40:22 ]
    (WARN) [1] in instance 'lld2.reader' : Mismatch in input level buffer sizes (levelconf.nT). Level #0 has size 10 which is smaller than the max. input size of all input levels (100). This might cause the processing to hang unpredictably or cause incomplete processing.
[ 21.03.2020 - 21:40:22 ]
    (MSG) [2] in instance 'arffsink' : writing ARFF header (1582 features)...
[ 21.03.2020 - 21:40:22 ]
    (MSG) [2] in cComponentManager : successfully finished createInstances
                                 (31 component instances were finalised, 1 data memories were finalised)
[ 21.03.2020 - 21:40:22 ]
    (MSG) [2] in cComponentManager : starting single thread processing loop
[ 21.03.2020 - 21:40:23 ]
    (MSG) [2] in cComponentManager : Processing finished! System ran for 777 ticks.
